Connecting to database specified by database.yml
Connecting to database specified by database.yml
Connecting to database specified by database.yml
Connecting to database specified by database.yml
Connecting to database specified by database.yml
  [1m[36m (0.1ms)[0m  [1mselect sqlite_version(*)[0m
  [1m[35m (165.5ms)[0m  CREATE TABLE "schema_migrations" ("version" varchar(255) NOT NULL) 
  [1m[36m (133.4ms)[0m  [1mCREATE UNIQUE INDEX "unique_schema_migrations" ON "schema_migrations" ("version")[0m
  [1m[35m (18.2ms)[0m  SELECT "schema_migrations"."version" FROM "schema_migrations" 
Migrating to CreatePosts (20130329073248)
  [1m[36m (0.1ms)[0m  [1mbegin transaction[0m
  [1m[35m (1.0ms)[0m  CREATE TABLE "posts" ("id" INTEGER PRIMARY KEY AUTOINCREMENT NOT NULL, "title" varchar(255), "body" text, "tags" text, "created_at" datetime NOT NULL, "updated_at" datetime NOT NULL) 
  [1m[36m (0.2ms)[0m  [1mINSERT INTO "schema_migrations" ("version") VALUES ('20130329073248')[0m
  [1m[35m (181.5ms)[0m  commit transaction
Migrating to CreateSeos (20130329073304)
  [1m[36m (0.1ms)[0m  [1mbegin transaction[0m
  [1m[35m (0.4ms)[0m  CREATE TABLE "seos" ("id" INTEGER PRIMARY KEY AUTOINCREMENT NOT NULL, "title" varchar(255), "description" text, "keywords" text, "promotable_id" integer, "promotable_type" varchar(255), "created_at" datetime NOT NULL, "updated_at" datetime NOT NULL) 
  [1m[36m (0.1ms)[0m  [1mINSERT INTO "schema_migrations" ("version") VALUES ('20130329073304')[0m
  [1m[35m (148.1ms)[0m  commit transaction
  [1m[36m (0.2ms)[0m  [1mSELECT "schema_migrations"."version" FROM "schema_migrations" [0m
Connecting to database specified by database.yml
Connecting to database specified by database.yml


Started GET "/" for 127.0.0.1 at 2013-03-29 11:58:40 +0400

ActionController::RoutingError (No route matches [GET] "/"):
  actionpack (3.2.13) lib/action_dispatch/middleware/debug_exceptions.rb:21:in `call'
  actionpack (3.2.13) lib/action_dispatch/middleware/show_exceptions.rb:56:in `call'
  railties (3.2.13) lib/rails/rack/logger.rb:32:in `call_app'
  railties (3.2.13) lib/rails/rack/logger.rb:16:in `block in call'
  activesupport (3.2.13) lib/active_support/tagged_logging.rb:22:in `tagged'
  railties (3.2.13) lib/rails/rack/logger.rb:16:in `call'
  actionpack (3.2.13) lib/action_dispatch/middleware/request_id.rb:22:in `call'
  rack (1.4.5) lib/rack/methodoverride.rb:21:in `call'
  rack (1.4.5) lib/rack/runtime.rb:17:in `call'
  activesupport (3.2.13) lib/active_support/cache/strategy/local_cache.rb:72:in `call'
  rack (1.4.5) lib/rack/lock.rb:15:in `call'
  actionpack (3.2.13) lib/action_dispatch/middleware/static.rb:63:in `call'
  railties (3.2.13) lib/rails/engine.rb:479:in `call'
  railties (3.2.13) lib/rails/application.rb:223:in `call'
  rack (1.4.5) lib/rack/content_length.rb:14:in `call'
  railties (3.2.13) lib/rails/rack/log_tailer.rb:17:in `call'
  rack (1.4.5) lib/rack/handler/webrick.rb:59:in `service'
  /home/prikha/.rvm/rubies/ruby-1.9.3-p392/lib/ruby/1.9.1/webrick/httpserver.rb:138:in `service'
  /home/prikha/.rvm/rubies/ruby-1.9.3-p392/lib/ruby/1.9.1/webrick/httpserver.rb:94:in `run'
  /home/prikha/.rvm/rubies/ruby-1.9.3-p392/lib/ruby/1.9.1/webrick/server.rb:191:in `block in start_thread'


  Rendered /home/prikha/.rvm/gems/ruby-1.9.3-p392@rubymine/gems/actionpack-3.2.13/lib/action_dispatch/middleware/templates/rescues/routing_error.erb within rescues/layout (1.0ms)


Started GET "/" for 127.0.0.1 at 2013-03-29 11:59:09 +0400
Processing by PostsController#index as HTML
  [1m[36mPost Load (0.3ms)[0m  [1mSELECT "posts".* FROM "posts" [0m
  Rendered posts/index.html.erb within layouts/application (0.7ms)
Completed 500 Internal Server Error in 65ms

ActionView::Template::Error (undefined local variable or method `display_meta_tags' for #<#<Class:0x00000003862bc8>:0x00000003c1fbf8>):
    2: <html>
    3: <head>
    4:   <title>Dummy</title>
    5:   <%= display_meta_tags %>
    6:   <%= stylesheet_link_tag    "application", :media => "all" %>
    7:   <%= javascript_include_tag "application" %>
    8:   <%= csrf_meta_tags %>
  app/views/layouts/application.html.erb:5:in `_app_views_layouts_application_html_erb__1985903656234029106_31538860'
  app/controllers/posts_controller.rb:7:in `index'


  Rendered /home/prikha/.rvm/gems/ruby-1.9.3-p392@rubymine/gems/actionpack-3.2.13/lib/action_dispatch/middleware/templates/rescues/_trace.erb (1.0ms)
  Rendered /home/prikha/.rvm/gems/ruby-1.9.3-p392@rubymine/gems/actionpack-3.2.13/lib/action_dispatch/middleware/templates/rescues/_request_and_response.erb (0.7ms)
  Rendered /home/prikha/.rvm/gems/ruby-1.9.3-p392@rubymine/gems/actionpack-3.2.13/lib/action_dispatch/middleware/templates/rescues/template_error.erb within rescues/layout (5.5ms)
Connecting to database specified by database.yml


Started GET "/" for 127.0.0.1 at 2013-03-29 12:02:11 +0400
Processing by PostsController#index as HTML
  [1m[36mPost Load (0.1ms)[0m  [1mSELECT "posts".* FROM "posts" [0m
  Rendered posts/index.html.erb within layouts/application (1.2ms)
Compiled posts.css  (0ms)  (pid 13081)
Compiled scaffold.css  (0ms)  (pid 13081)
Compiled application.css  (57ms)  (pid 13081)
Compiled jquery.js  (4ms)  (pid 13081)
Compiled jquery_ujs.js  (0ms)  (pid 13081)
Compiled posts.js  (0ms)  (pid 13081)
Compiled application.js  (73ms)  (pid 13081)
Completed 200 OK in 193ms (Views: 183.3ms | ActiveRecord: 0.8ms)


Started GET "/assets/application.css?body=1" for 127.0.0.1 at 2013-03-29 12:02:11 +0400
Served asset /application.css - 200 OK (34ms)


Started GET "/assets/posts.css?body=1" for 127.0.0.1 at 2013-03-29 12:02:11 +0400
Served asset /posts.css - 200 OK (4ms)


Started GET "/assets/scaffold.css?body=1" for 127.0.0.1 at 2013-03-29 12:02:11 +0400
Served asset /scaffold.css - 200 OK (1ms)


Started GET "/assets/posts.js?body=1" for 127.0.0.1 at 2013-03-29 12:02:11 +0400
Served asset /posts.js - 200 OK (3ms)


Started GET "/assets/jquery.js?body=1" for 127.0.0.1 at 2013-03-29 12:02:11 +0400
Served asset /jquery.js - 304 Not Modified (7ms)


Started GET "/assets/jquery_ujs.js?body=1" for 127.0.0.1 at 2013-03-29 12:02:11 +0400
Served asset /jquery_ujs.js - 304 Not Modified (4ms)


Started GET "/assets/application.js?body=1" for 127.0.0.1 at 2013-03-29 12:02:11 +0400
Served asset /application.js - 200 OK (4ms)


Started GET "/posts/new" for 127.0.0.1 at 2013-03-29 12:02:13 +0400
Processing by PostsController#new as HTML
  Rendered posts/_form.html.erb (66.4ms)
  Rendered posts/new.html.erb within layouts/application (80.5ms)
Completed 200 OK in 133ms (Views: 83.3ms | ActiveRecord: 0.9ms)


Started GET "/assets/jquery.js?body=1" for 127.0.0.1 at 2013-03-29 12:02:13 +0400
Served asset /jquery.js - 304 Not Modified (3ms)


Started GET "/assets/jquery_ujs.js?body=1" for 127.0.0.1 at 2013-03-29 12:02:13 +0400
Served asset /jquery_ujs.js - 304 Not Modified (0ms)


Started GET "/posts/new" for 127.0.0.1 at 2013-03-29 12:04:19 +0400
Processing by PostsController#new as HTML
  Rendered posts/_form.html.erb (3.5ms)
  Rendered posts/new.html.erb within layouts/application (4.1ms)
Completed 200 OK in 35ms (Views: 32.4ms | ActiveRecord: 0.0ms)


Started GET "/assets/posts.css?body=1" for 127.0.0.1 at 2013-03-29 12:04:19 +0400
Served asset /posts.css - 304 Not Modified (0ms)


Started GET "/assets/application.css?body=1" for 127.0.0.1 at 2013-03-29 12:04:19 +0400
Served asset /application.css - 304 Not Modified (1ms)


Started GET "/assets/jquery.js?body=1" for 127.0.0.1 at 2013-03-29 12:04:19 +0400
Served asset /jquery.js - 304 Not Modified (2ms)


Started GET "/assets/scaffold.css?body=1" for 127.0.0.1 at 2013-03-29 12:04:19 +0400
Served asset /scaffold.css - 304 Not Modified (0ms)


Started GET "/assets/posts.js?body=1" for 127.0.0.1 at 2013-03-29 12:04:19 +0400
Served asset /posts.js - 304 Not Modified (0ms)


Started GET "/assets/jquery_ujs.js?body=1" for 127.0.0.1 at 2013-03-29 12:04:19 +0400
Served asset /jquery_ujs.js - 304 Not Modified (0ms)


Started GET "/assets/application.js?body=1" for 127.0.0.1 at 2013-03-29 12:04:19 +0400
Served asset /application.js - 304 Not Modified (3ms)


Started GET "/posts/new" for 127.0.0.1 at 2013-03-29 12:06:17 +0400
Processing by PostsController#new as HTML
  Rendered posts/_form.html.erb (2.9ms)
  Rendered posts/new.html.erb within layouts/application (3.9ms)
Completed 200 OK in 11ms (Views: 8.4ms | ActiveRecord: 0.0ms)


Started GET "/assets/application.css?body=1" for 127.0.0.1 at 2013-03-29 12:06:17 +0400
Served asset /application.css - 304 Not Modified (15ms)


Started GET "/assets/scaffold.css?body=1" for 127.0.0.1 at 2013-03-29 12:06:17 +0400
Served asset /scaffold.css - 304 Not Modified (0ms)


Started GET "/assets/posts.css?body=1" for 127.0.0.1 at 2013-03-29 12:06:17 +0400
Served asset /posts.css - 304 Not Modified (0ms)


Started GET "/assets/jquery_ujs.js?body=1" for 127.0.0.1 at 2013-03-29 12:06:17 +0400
Served asset /jquery_ujs.js - 304 Not Modified (0ms)


Started GET "/assets/jquery.js?body=1" for 127.0.0.1 at 2013-03-29 12:06:17 +0400
Served asset /jquery.js - 304 Not Modified (2ms)


Started GET "/assets/posts.js?body=1" for 127.0.0.1 at 2013-03-29 12:06:17 +0400
Served asset /posts.js - 304 Not Modified (0ms)


Started GET "/assets/application.js?body=1" for 127.0.0.1 at 2013-03-29 12:06:17 +0400
Served asset /application.js - 304 Not Modified (3ms)


Started GET "/posts/new" for 127.0.0.1 at 2013-03-29 12:06:36 +0400
Processing by PostsController#new as HTML
  Rendered posts/_form.html.erb (4.1ms)
  Rendered posts/new.html.erb within layouts/application (5.2ms)
Completed 200 OK in 12ms (Views: 10.6ms | ActiveRecord: 0.0ms)


Started GET "/assets/application.css?body=1" for 127.0.0.1 at 2013-03-29 12:06:36 +0400
Served asset /application.css - 304 Not Modified (10ms)


Started GET "/assets/scaffold.css?body=1" for 127.0.0.1 at 2013-03-29 12:06:36 +0400
Served asset /scaffold.css - 304 Not Modified (0ms)


Started GET "/assets/posts.css?body=1" for 127.0.0.1 at 2013-03-29 12:06:36 +0400
Served asset /posts.css - 304 Not Modified (0ms)


Started GET "/assets/jquery.js?body=1" for 127.0.0.1 at 2013-03-29 12:06:36 +0400
Served asset /jquery.js - 304 Not Modified (6ms)


Started GET "/assets/posts.js?body=1" for 127.0.0.1 at 2013-03-29 12:06:36 +0400
Served asset /posts.js - 304 Not Modified (0ms)


Started GET "/assets/jquery_ujs.js?body=1" for 127.0.0.1 at 2013-03-29 12:06:36 +0400
Served asset /jquery_ujs.js - 304 Not Modified (0ms)


Started GET "/assets/application.js?body=1" for 127.0.0.1 at 2013-03-29 12:06:36 +0400
Served asset /application.js - 304 Not Modified (3ms)


Started POST "/posts" for 127.0.0.1 at 2013-03-29 12:06:55 +0400
Processing by PostsController#create as HTML
  Parameters: {"utf8"=>"✓", "authenticity_token"=>"YaibH1ULA3vFNFp1xEmD1OcT8YtwkIGnyFuoPNYUfqE=", "post"=>{"title"=>"My new title", "body"=>"my new body", "tags"=>"some:new:tags", "seo_attributes"=>{"title"=>"", "keywords"=>"", "description"=>""}}, "commit"=>"Create Post"}
  [1m[35m (0.2ms)[0m  begin transaction
  [1m[36m (0.0ms)[0m  [1mrollback transaction[0m
  Rendered posts/_form.html.erb (4.1ms)
  Rendered posts/new.html.erb within layouts/application (4.6ms)
Completed 200 OK in 18ms (Views: 7.4ms | ActiveRecord: 0.2ms)


Started GET "/assets/application.css?body=1" for 127.0.0.1 at 2013-03-29 12:06:55 +0400
Served asset /application.css - 304 Not Modified (1ms)


Started GET "/assets/posts.css?body=1" for 127.0.0.1 at 2013-03-29 12:06:55 +0400
Served asset /posts.css - 304 Not Modified (0ms)


Started GET "/assets/jquery.js?body=1" for 127.0.0.1 at 2013-03-29 12:06:55 +0400
Served asset /jquery.js - 304 Not Modified (0ms)


Started GET "/assets/jquery_ujs.js?body=1" for 127.0.0.1 at 2013-03-29 12:06:55 +0400
Served asset /jquery_ujs.js - 304 Not Modified (0ms)


Started GET "/assets/scaffold.css?body=1" for 127.0.0.1 at 2013-03-29 12:06:55 +0400
Served asset /scaffold.css - 304 Not Modified (0ms)


Started GET "/assets/posts.js?body=1" for 127.0.0.1 at 2013-03-29 12:06:55 +0400
Served asset /posts.js - 304 Not Modified (0ms)


Started GET "/assets/application.js?body=1" for 127.0.0.1 at 2013-03-29 12:06:55 +0400
Served asset /application.js - 304 Not Modified (3ms)


Started GET "/assets/jquery_ujs.js?body=1" for 127.0.0.1 at 2013-03-29 12:06:55 +0400
Served asset /jquery_ujs.js - 304 Not Modified (0ms)


Started POST "/posts" for 127.0.0.1 at 2013-03-29 12:10:25 +0400
Processing by PostsController#create as HTML
  Parameters: {"utf8"=>"✓", "authenticity_token"=>"YaibH1ULA3vFNFp1xEmD1OcT8YtwkIGnyFuoPNYUfqE=", "post"=>{"title"=>"My new title", "body"=>"my new body", "tags"=>"some:new:tags", "seo_attributes"=>{"title"=>"", "keywords"=>"", "description"=>""}}, "commit"=>"Create Post"}
  [1m[35m (0.0ms)[0m  begin transaction
  [1m[36m (0.0ms)[0m  [1mrollback transaction[0m
  Rendered posts/_form.html.erb (4.7ms)
  Rendered posts/new.html.erb within layouts/application (5.2ms)
Completed 200 OK in 17ms (Views: 8.3ms | ActiveRecord: 0.4ms)


Started GET "/assets/application.css?body=1" for 127.0.0.1 at 2013-03-29 12:10:25 +0400
Served asset /application.css - 304 Not Modified (1ms)


Started GET "/assets/scaffold.css?body=1" for 127.0.0.1 at 2013-03-29 12:10:25 +0400
Served asset /scaffold.css - 304 Not Modified (9ms)


Started GET "/assets/posts.css?body=1" for 127.0.0.1 at 2013-03-29 12:10:26 +0400
Served asset /posts.css - 304 Not Modified (0ms)


Started GET "/assets/jquery.js?body=1" for 127.0.0.1 at 2013-03-29 12:10:26 +0400
Served asset /jquery.js - 304 Not Modified (2ms)


Started GET "/assets/application.js?body=1" for 127.0.0.1 at 2013-03-29 12:10:26 +0400
Served asset /application.js - 304 Not Modified (4ms)


Started GET "/assets/jquery_ujs.js?body=1" for 127.0.0.1 at 2013-03-29 12:10:26 +0400
Served asset /jquery_ujs.js - 304 Not Modified (0ms)


Started GET "/assets/posts.js?body=1" for 127.0.0.1 at 2013-03-29 12:10:26 +0400
Served asset /posts.js - 304 Not Modified (0ms)


Started POST "/posts" for 127.0.0.1 at 2013-03-29 12:11:19 +0400
Processing by PostsController#create as HTML
  Parameters: {"utf8"=>"✓", "authenticity_token"=>"YaibH1ULA3vFNFp1xEmD1OcT8YtwkIGnyFuoPNYUfqE=", "post"=>{"title"=>"My new title", "body"=>"my new body", "tags"=>"some:new:tags", "seo_attributes"=>{"title"=>"some title", "keywords"=>"", "description"=>""}}, "commit"=>"Create Post"}
  [1m[35m (0.0ms)[0m  begin transaction
  [1m[36m (0.0ms)[0m  [1mrollback transaction[0m
  Rendered posts/_form.html.erb (4.3ms)
  Rendered posts/new.html.erb within layouts/application (4.8ms)
Completed 200 OK in 16ms (Views: 8.1ms | ActiveRecord: 0.4ms)


Started GET "/assets/application.css?body=1" for 127.0.0.1 at 2013-03-29 12:11:19 +0400
Served asset /application.css - 304 Not Modified (2ms)


Started GET "/assets/posts.css?body=1" for 127.0.0.1 at 2013-03-29 12:11:19 +0400
Served asset /posts.css - 304 Not Modified (0ms)


Started GET "/assets/scaffold.css?body=1" for 127.0.0.1 at 2013-03-29 12:11:19 +0400
Served asset /scaffold.css - 304 Not Modified (9ms)


Started GET "/assets/jquery.js?body=1" for 127.0.0.1 at 2013-03-29 12:11:19 +0400
Served asset /jquery.js - 304 Not Modified (2ms)


Started GET "/assets/jquery_ujs.js?body=1" for 127.0.0.1 at 2013-03-29 12:11:19 +0400
Served asset /jquery_ujs.js - 304 Not Modified (0ms)


Started GET "/assets/posts.js?body=1" for 127.0.0.1 at 2013-03-29 12:11:19 +0400
Served asset /posts.js - 304 Not Modified (0ms)


Started GET "/assets/application.js?body=1" for 127.0.0.1 at 2013-03-29 12:11:19 +0400
Served asset /application.js - 304 Not Modified (3ms)
Connecting to database specified by database.yml
Connecting to database specified by database.yml


Started GET "/posts" for 127.0.0.1 at 2013-03-29 12:12:25 +0400
Processing by PostsController#index as HTML
  [1m[36mPost Load (0.1ms)[0m  [1mSELECT "posts".* FROM "posts" [0m
  Rendered posts/index.html.erb within layouts/application (1.1ms)
Completed 200 OK in 24ms (Views: 14.5ms | ActiveRecord: 0.8ms)


Started GET "/posts/new" for 127.0.0.1 at 2013-03-29 12:12:26 +0400
Processing by PostsController#new as HTML
  Rendered posts/_form.html.erb (6.8ms)
  Rendered posts/new.html.erb within layouts/application (8.6ms)
Completed 200 OK in 27ms (Views: 12.0ms | ActiveRecord: 0.3ms)


Started POST "/posts" for 127.0.0.1 at 2013-03-29 12:12:43 +0400
Processing by PostsController#create as HTML
  Parameters: {"utf8"=>"✓", "authenticity_token"=>"YaibH1ULA3vFNFp1xEmD1OcT8YtwkIGnyFuoPNYUfqE=", "post"=>{"title"=>"new", "body"=>"new", "tags"=>"new:some:true_style", "seo_attributes"=>{"title"=>"", "keywords"=>"", "description"=>""}}, "commit"=>"Create Post"}
  [1m[35m (0.1ms)[0m  begin transaction
  [1m[36m (0.0ms)[0m  [1mrollback transaction[0m
  Rendered posts/_form.html.erb (4.6ms)
  Rendered posts/new.html.erb within layouts/application (5.1ms)
Completed 200 OK in 16ms (Views: 9.1ms | ActiveRecord: 0.1ms)
Connecting to database specified by database.yml


Started POST "/posts" for 127.0.0.1 at 2013-03-29 12:14:12 +0400
Processing by PostsController#create as HTML
  Parameters: {"utf8"=>"✓", "authenticity_token"=>"YaibH1ULA3vFNFp1xEmD1OcT8YtwkIGnyFuoPNYUfqE=", "post"=>{"title"=>"new", "body"=>"new", "tags"=>"new:some:true_style", "seo_attributes"=>{"title"=>"", "keywords"=>"", "description"=>""}}, "commit"=>"Create Post"}
  [1m[36m (0.0ms)[0m  [1mbegin transaction[0m
  [1m[35m (0.1ms)[0m  rollback transaction
Completed 500 Internal Server Error in 73ms

NoMethodError (undefined method `send_title' for #<Post:0x000000036e7280>):
  app/controllers/posts_controller.rb:46:in `block in create'
  app/controllers/posts_controller.rb:45:in `create'


  Rendered /home/prikha/.rvm/gems/ruby-1.9.3-p392@rubymine/gems/actionpack-3.2.13/lib/action_dispatch/middleware/templates/rescues/_trace.erb (1.0ms)
  Rendered /home/prikha/.rvm/gems/ruby-1.9.3-p392@rubymine/gems/actionpack-3.2.13/lib/action_dispatch/middleware/templates/rescues/_request_and_response.erb (0.7ms)
  Rendered /home/prikha/.rvm/gems/ruby-1.9.3-p392@rubymine/gems/actionpack-3.2.13/lib/action_dispatch/middleware/templates/rescues/diagnostics.erb within rescues/layout (12.0ms)
Connecting to database specified by database.yml


Started POST "/posts" for 127.0.0.1 at 2013-03-29 12:15:20 +0400
Processing by PostsController#create as HTML
  Parameters: {"utf8"=>"✓", "authenticity_token"=>"YaibH1ULA3vFNFp1xEmD1OcT8YtwkIGnyFuoPNYUfqE=", "post"=>{"title"=>"new", "body"=>"new", "tags"=>"new:some:true_style", "seo_attributes"=>{"title"=>"", "keywords"=>"", "description"=>""}}, "commit"=>"Create Post"}
  [1m[36m (0.0ms)[0m  [1mbegin transaction[0m
  [1m[35m (0.0ms)[0m  rollback transaction
  Rendered posts/_form.html.erb (5.7ms)
  Rendered posts/new.html.erb within layouts/application (29.7ms)
Completed 200 OK in 74ms (Views: 43.1ms | ActiveRecord: 1.0ms)
Connecting to database specified by database.yml


Started POST "/posts" for 127.0.0.1 at 2013-03-29 12:17:45 +0400
Processing by PostsController#create as HTML
  Parameters: {"utf8"=>"✓", "authenticity_token"=>"YaibH1ULA3vFNFp1xEmD1OcT8YtwkIGnyFuoPNYUfqE=", "post"=>{"title"=>"new", "body"=>"new", "tags"=>"new:some:true_style", "seo_attributes"=>{"title"=>"", "keywords"=>"", "description"=>""}}, "commit"=>"Create Post"}
  [1m[36m (0.0ms)[0m  [1mbegin transaction[0m
  [1m[35m (0.0ms)[0m  rollback transaction
  Rendered posts/_form.html.erb (5.5ms)
  Rendered posts/new.html.erb within layouts/application (7.6ms)
Completed 200 OK in 71ms (Views: 20.8ms | ActiveRecord: 1.0ms)


Started POST "/posts" for 127.0.0.1 at 2013-03-29 12:17:48 +0400
Processing by PostsController#create as HTML
  Parameters: {"utf8"=>"✓", "authenticity_token"=>"YaibH1ULA3vFNFp1xEmD1OcT8YtwkIGnyFuoPNYUfqE=", "post"=>{"title"=>"new", "body"=>"new", "tags"=>"new:some:true_style", "seo_attributes"=>{"title"=>"", "keywords"=>"", "description"=>""}}, "commit"=>"Create Post"}
  [1m[36m (0.1ms)[0m  [1mbegin transaction[0m
  [1m[35m (0.0ms)[0m  rollback transaction
  Rendered posts/_form.html.erb (4.3ms)
  Rendered posts/new.html.erb within layouts/application (4.7ms)
Completed 200 OK in 15ms (Views: 8.4ms | ActiveRecord: 0.2ms)
Connecting to database specified by database.yml


Started POST "/posts" for 127.0.0.1 at 2013-03-29 12:20:00 +0400
Processing by PostsController#create as HTML
  Parameters: {"utf8"=>"✓", "authenticity_token"=>"YaibH1ULA3vFNFp1xEmD1OcT8YtwkIGnyFuoPNYUfqE=", "post"=>{"title"=>"new", "body"=>"new", "tags"=>"new:some:true_style", "seo_attributes"=>{"title"=>"", "keywords"=>"", "description"=>""}}, "commit"=>"Create Post"}
  [1m[36m (0.0ms)[0m  [1mbegin transaction[0m
  [1m[35m (0.0ms)[0m  rollback transaction
Completed 500 Internal Server Error in 25ms

NameError (undefined local variable or method `seo_attributes' for #<Post:0x00000001e749c8>):
  app/controllers/posts_controller.rb:46:in `block in create'
  app/controllers/posts_controller.rb:45:in `create'


  Rendered /home/prikha/.rvm/gems/ruby-1.9.3-p392@rubymine/gems/actionpack-3.2.13/lib/action_dispatch/middleware/templates/rescues/_trace.erb (1.0ms)
  Rendered /home/prikha/.rvm/gems/ruby-1.9.3-p392@rubymine/gems/actionpack-3.2.13/lib/action_dispatch/middleware/templates/rescues/_request_and_response.erb (23.8ms)
  Rendered /home/prikha/.rvm/gems/ruby-1.9.3-p392@rubymine/gems/actionpack-3.2.13/lib/action_dispatch/middleware/templates/rescues/diagnostics.erb within rescues/layout (28.6ms)
Connecting to database specified by database.yml


Started POST "/posts" for 127.0.0.1 at 2013-03-29 12:20:23 +0400
Processing by PostsController#create as HTML
  Parameters: {"utf8"=>"✓", "authenticity_token"=>"YaibH1ULA3vFNFp1xEmD1OcT8YtwkIGnyFuoPNYUfqE=", "post"=>{"title"=>"new", "body"=>"new", "tags"=>"new:some:true_style", "seo_attributes"=>{"title"=>"", "keywords"=>"", "description"=>""}}, "commit"=>"Create Post"}
  [1m[36m (0.0ms)[0m  [1mbegin transaction[0m
  [1m[35m (0.0ms)[0m  rollback transaction
Completed 500 Internal Server Error in 25ms

NoMethodError (undefined method `seo_attributes' for #<Post:0x00000001fe5c80>):
  app/controllers/posts_controller.rb:46:in `block in create'
  app/controllers/posts_controller.rb:45:in `create'


  Rendered /home/prikha/.rvm/gems/ruby-1.9.3-p392@rubymine/gems/actionpack-3.2.13/lib/action_dispatch/middleware/templates/rescues/_trace.erb (1.0ms)
  Rendered /home/prikha/.rvm/gems/ruby-1.9.3-p392@rubymine/gems/actionpack-3.2.13/lib/action_dispatch/middleware/templates/rescues/_request_and_response.erb (22.8ms)
  Rendered /home/prikha/.rvm/gems/ruby-1.9.3-p392@rubymine/gems/actionpack-3.2.13/lib/action_dispatch/middleware/templates/rescues/diagnostics.erb within rescues/layout (27.8ms)
Connecting to database specified by database.yml


Started POST "/posts" for 127.0.0.1 at 2013-03-29 12:20:36 +0400
Processing by PostsController#create as HTML
  Parameters: {"utf8"=>"✓", "authenticity_token"=>"YaibH1ULA3vFNFp1xEmD1OcT8YtwkIGnyFuoPNYUfqE=", "post"=>{"title"=>"new", "body"=>"new", "tags"=>"new:some:true_style", "seo_attributes"=>{"title"=>"", "keywords"=>"", "description"=>""}}, "commit"=>"Create Post"}
  [1m[36m (0.0ms)[0m  [1mbegin transaction[0m
  [1m[35m (0.0ms)[0m  rollback transaction
  Rendered posts/_form.html.erb (5.9ms)
  Rendered posts/new.html.erb within layouts/application (8.1ms)
Completed 200 OK in 74ms (Views: 44.2ms | ActiveRecord: 1.0ms)
Connecting to database specified by database.yml
Connecting to database specified by database.yml


Started POST "/posts" for 127.0.0.1 at 2013-03-29 12:27:05 +0400
Processing by PostsController#create as HTML
  Parameters: {"utf8"=>"✓", "authenticity_token"=>"YaibH1ULA3vFNFp1xEmD1OcT8YtwkIGnyFuoPNYUfqE=", "post"=>{"title"=>"new", "body"=>"new", "tags"=>"new:some:true_style", "seo_attributes"=>{"title"=>"", "keywords"=>"", "description"=>""}}, "commit"=>"Create Post"}
  [1m[36m (0.0ms)[0m  [1mbegin transaction[0m
  [1m[35m (0.0ms)[0m  rollback transaction
  Rendered posts/_form.html.erb (6.0ms)
  Rendered posts/new.html.erb within layouts/application (8.4ms)
Completed 200 OK in 73ms (Views: 44.2ms | ActiveRecord: 1.0ms)


Started POST "/posts" for 127.0.0.1 at 2013-03-29 12:27:09 +0400
Processing by PostsController#create as HTML
  Parameters: {"utf8"=>"✓", "authenticity_token"=>"YaibH1ULA3vFNFp1xEmD1OcT8YtwkIGnyFuoPNYUfqE=", "post"=>{"title"=>"new", "body"=>"new", "tags"=>"new:some:true_style", "seo_attributes"=>{"title"=>"", "keywords"=>"", "description"=>""}}, "commit"=>"Create Post"}
  [1m[36m (0.2ms)[0m  [1mbegin transaction[0m
  [1m[35m (0.1ms)[0m  rollback transaction
  Rendered posts/_form.html.erb (4.5ms)
  Rendered posts/new.html.erb within layouts/application (5.0ms)
Completed 200 OK in 21ms (Views: 10.4ms | ActiveRecord: 0.3ms)
Connecting to database specified by database.yml


Started GET "/posts" for 127.0.0.1 at 2013-03-29 12:27:52 +0400
Processing by PostsController#index as HTML
  [1m[36mPost Load (0.1ms)[0m  [1mSELECT "posts".* FROM "posts" [0m
  Rendered posts/index.html.erb within layouts/application (1.1ms)
Completed 200 OK in 24ms (Views: 14.3ms | ActiveRecord: 0.9ms)


Started GET "/posts/new" for 127.0.0.1 at 2013-03-29 12:27:54 +0400
Processing by PostsController#new as HTML
  Rendered posts/_form.html.erb (6.6ms)
  Rendered posts/new.html.erb within layouts/application (8.3ms)
Completed 200 OK in 27ms (Views: 11.7ms | ActiveRecord: 0.2ms)


Started POST "/posts" for 127.0.0.1 at 2013-03-29 12:28:03 +0400
Processing by PostsController#create as HTML
  Parameters: {"utf8"=>"✓", "authenticity_token"=>"YaibH1ULA3vFNFp1xEmD1OcT8YtwkIGnyFuoPNYUfqE=", "post"=>{"title"=>"atata", "body"=>"some", "tags"=>"som:som", "seo_attributes"=>{"title"=>"", "keywords"=>"", "description"=>""}}, "commit"=>"Create Post"}
  [1m[35m (0.2ms)[0m  begin transaction
  [1m[36mSQL (76.7ms)[0m  [1mINSERT INTO "posts" ("body", "created_at", "tags", "title", "updated_at") VALUES (?, ?, ?, ?, ?)[0m  [["body", "some"], ["created_at", Fri, 29 Mar 2013 08:28:03 UTC +00:00], ["tags", "som:som"], ["title", "atata"], ["updated_at", Fri, 29 Mar 2013 08:28:03 UTC +00:00]]
  [1m[35mSQL (0.8ms)[0m  INSERT INTO "seos" ("created_at", "description", "keywords", "promotable_id", "promotable_type", "title", "updated_at") VALUES (?, ?, ?, ?, ?, ?, ?)  [["created_at", Fri, 29 Mar 2013 08:28:04 UTC +00:00], ["description", "some"], ["keywords", "som, som"], ["promotable_id", 1], ["promotable_type", "Post"], ["title", "atata"], ["updated_at", Fri, 29 Mar 2013 08:28:04 UTC +00:00]]
  [1m[36m (252.5ms)[0m  [1mcommit transaction[0m
Redirected to http://localhost:3000/posts/1
Completed 302 Found in 346ms (ActiveRecord: 330.2ms)


Started GET "/posts/1" for 127.0.0.1 at 2013-03-29 12:28:04 +0400
Processing by PostsController#show as HTML
  Parameters: {"id"=>"1"}
  [1m[35mPost Load (0.2ms)[0m  SELECT "posts".* FROM "posts" WHERE "posts"."id" = ? LIMIT 1  [["id", "1"]]
  [1m[36mSeo Load (0.1ms)[0m  [1mSELECT "seos".* FROM "seos" WHERE "seos"."promotable_id" = 1 AND "seos"."promotable_type" = 'Post' LIMIT 1[0m
  Rendered posts/show.html.erb within layouts/application (0.9ms)
Completed 200 OK in 229ms (Views: 225.9ms | ActiveRecord: 0.3ms)


Started GET "/posts" for 127.0.0.1 at 2013-03-29 12:28:27 +0400
Processing by PostsController#index as HTML
  [1m[35mPost Load (0.4ms)[0m  SELECT "posts".* FROM "posts" 
  [1m[36mSeo Load (0.4ms)[0m  [1mSELECT "seos".* FROM "seos" WHERE "seos"."promotable_id" = 1 AND "seos"."promotable_type" = 'Post' LIMIT 1[0m
  Rendered posts/index.html.erb within layouts/application (2.8ms)
Completed 200 OK in 13ms (Views: 8.1ms | ActiveRecord: 0.7ms)


Started GET "/posts/1/edit" for 127.0.0.1 at 2013-03-29 12:28:29 +0400
Processing by PostsController#edit as HTML
  Parameters: {"id"=>"1"}
  [1m[35mPost Load (0.1ms)[0m  SELECT "posts".* FROM "posts" WHERE "posts"."id" = ? LIMIT 1  [["id", "1"]]
  [1m[36mSeo Load (0.1ms)[0m  [1mSELECT "seos".* FROM "seos" WHERE "seos"."promotable_id" = 1 AND "seos"."promotable_type" = 'Post' LIMIT 1[0m
  Rendered posts/_form.html.erb (2.7ms)
  Rendered posts/edit.html.erb within layouts/application (3.7ms)
Completed 200 OK in 10ms (Views: 7.7ms | ActiveRecord: 0.2ms)


Started PUT "/posts/1" for 127.0.0.1 at 2013-03-29 12:28:45 +0400
Processing by PostsController#update as HTML
  Parameters: {"utf8"=>"✓", "authenticity_token"=>"YaibH1ULA3vFNFp1xEmD1OcT8YtwkIGnyFuoPNYUfqE=", "post"=>{"title"=>"", "body"=>"some", "tags"=>"som:som", "seo_attributes"=>{"title"=>"atata", "keywords"=>"som, som", "description"=>"some", "id"=>"1"}}, "commit"=>"Update Post", "id"=>"1"}
  [1m[35mPost Load (0.2ms)[0m  SELECT "posts".* FROM "posts" WHERE "posts"."id" = ? LIMIT 1  [["id", "1"]]
  [1m[36mSeo Load (0.5ms)[0m  [1mSELECT "seos".* FROM "seos" WHERE "seos"."promotable_id" = 1 AND "seos"."promotable_type" = 'Post' LIMIT 1[0m
  [1m[35m (0.1ms)[0m  begin transaction
  [1m[36m (0.0ms)[0m  [1mrollback transaction[0m
  Rendered posts/_form.html.erb (3.2ms)
  Rendered posts/edit.html.erb within layouts/application (3.8ms)
Completed 200 OK in 20ms (Views: 7.8ms | ActiveRecord: 0.9ms)
Connecting to database specified by database.yml


Started PUT "/posts/1" for 127.0.0.1 at 2013-03-29 12:28:55 +0400
Processing by PostsController#update as HTML
  Parameters: {"utf8"=>"✓", "authenticity_token"=>"YaibH1ULA3vFNFp1xEmD1OcT8YtwkIGnyFuoPNYUfqE=", "post"=>{"title"=>"", "body"=>"some", "tags"=>"som:som", "seo_attributes"=>{"title"=>"", "keywords"=>"som, som", "description"=>"some", "id"=>"1"}}, "commit"=>"Update Post", "id"=>"1"}
  [1m[36mPost Load (0.1ms)[0m  [1mSELECT "posts".* FROM "posts" WHERE "posts"."id" = ? LIMIT 1[0m  [["id", "1"]]
  [1m[35mSeo Load (0.1ms)[0m  SELECT "seos".* FROM "seos" WHERE "seos"."promotable_id" = 1 AND "seos"."promotable_type" = 'Post' LIMIT 1
  [1m[36m (0.0ms)[0m  [1mbegin transaction[0m
  [1m[35m (0.0ms)[0m  rollback transaction
  Rendered posts/_form.html.erb (4.2ms)
  Rendered posts/edit.html.erb within layouts/application (6.6ms)
Completed 200 OK in 72ms (Views: 20.6ms | ActiveRecord: 1.5ms)
Connecting to database specified by database.yml


Started GET "/posts/new" for 127.0.0.1 at 2013-03-29 12:30:02 +0400
Processing by PostsController#new as HTML
  Rendered posts/_form.html.erb (6.5ms)
  Rendered posts/new.html.erb within layouts/application (8.7ms)
Completed 200 OK in 66ms (Views: 21.3ms | ActiveRecord: 1.0ms)


Started POST "/posts" for 127.0.0.1 at 2013-03-29 12:30:25 +0400
Processing by PostsController#create as HTML
  Parameters: {"utf8"=>"✓", "authenticity_token"=>"YaibH1ULA3vFNFp1xEmD1OcT8YtwkIGnyFuoPNYUfqE=", "post"=>{"title"=>"Try new shaver", "body"=>"Shaver desc", "tags"=>"super:trooper:shaver", "seo_attributes"=>{"title"=>"", "keywords"=>"", "description"=>""}}, "commit"=>"Create Post"}
  [1m[36m (0.1ms)[0m  [1mbegin transaction[0m
  [1m[35mSQL (2.7ms)[0m  INSERT INTO "posts" ("body", "created_at", "tags", "title", "updated_at") VALUES (?, ?, ?, ?, ?)  [["body", "Shaver desc"], ["created_at", Fri, 29 Mar 2013 08:30:25 UTC +00:00], ["tags", "super:trooper:shaver"], ["title", "Try new shaver"], ["updated_at", Fri, 29 Mar 2013 08:30:25 UTC +00:00]]
  [1m[36mSQL (0.2ms)[0m  [1mINSERT INTO "seos" ("created_at", "description", "keywords", "promotable_id", "promotable_type", "title", "updated_at") VALUES (?, ?, ?, ?, ?, ?, ?)[0m  [["created_at", Fri, 29 Mar 2013 08:30:25 UTC +00:00], ["description", "Shaver desc"], ["keywords", "super, trooper, shaver"], ["promotable_id", 2], ["promotable_type", "Post"], ["title", "Try new shaver"], ["updated_at", Fri, 29 Mar 2013 08:30:25 UTC +00:00]]
  [1m[35m (190.5ms)[0m  commit transaction
Redirected to http://localhost:3000/posts/2
Completed 302 Found in 202ms (ActiveRecord: 193.4ms)


Started GET "/posts/2" for 127.0.0.1 at 2013-03-29 12:30:26 +0400
Processing by PostsController#show as HTML
  Parameters: {"id"=>"2"}
  [1m[36mPost Load (0.2ms)[0m  [1mSELECT "posts".* FROM "posts" WHERE "posts"."id" = ? LIMIT 1[0m  [["id", "2"]]
  [1m[35mSeo Load (0.1ms)[0m  SELECT "seos".* FROM "seos" WHERE "seos"."promotable_id" = 2 AND "seos"."promotable_type" = 'Post' LIMIT 1
  Rendered posts/show.html.erb within layouts/application (0.8ms)
Completed 200 OK in 109ms (Views: 105.6ms | ActiveRecord: 0.3ms)


Started GET "/posts/2/edit" for 127.0.0.1 at 2013-03-29 12:30:31 +0400
Processing by PostsController#edit as HTML
  Parameters: {"id"=>"2"}
  [1m[36mPost Load (0.2ms)[0m  [1mSELECT "posts".* FROM "posts" WHERE "posts"."id" = ? LIMIT 1[0m  [["id", "2"]]
  [1m[35mSeo Load (0.5ms)[0m  SELECT "seos".* FROM "seos" WHERE "seos"."promotable_id" = 2 AND "seos"."promotable_type" = 'Post' LIMIT 1
  Rendered posts/_form.html.erb (2.5ms)
  Rendered posts/edit.html.erb within layouts/application (3.5ms)
Completed 200 OK in 12ms (Views: 6.9ms | ActiveRecord: 0.7ms)


Started PUT "/posts/2" for 127.0.0.1 at 2013-03-29 12:30:58 +0400
Processing by PostsController#update as HTML
  Parameters: {"utf8"=>"✓", "authenticity_token"=>"YaibH1ULA3vFNFp1xEmD1OcT8YtwkIGnyFuoPNYUfqE=", "post"=>{"title"=>"Try new shaver", "body"=>"Shaver desc", "tags"=>"super:trooper:shaver", "seo_attributes"=>{"title"=>"Try new shaver", "keywords"=>"super, trooper, shaver, by sony", "description"=>"Shaver desc more words here", "id"=>"2"}}, "commit"=>"Update Post", "id"=>"2"}
  [1m[36mPost Load (0.2ms)[0m  [1mSELECT "posts".* FROM "posts" WHERE "posts"."id" = ? LIMIT 1[0m  [["id", "2"]]
  [1m[35mSeo Load (0.4ms)[0m  SELECT "seos".* FROM "seos" WHERE "seos"."promotable_id" = 2 AND "seos"."promotable_type" = 'Post' LIMIT 1
  [1m[36m (0.1ms)[0m  [1mbegin transaction[0m
  [1m[35m (0.1ms)[0m  UPDATE "seos" SET "keywords" = 'super, trooper, shaver, by sony', "description" = 'Shaver desc more words here', "updated_at" = '2013-03-29 08:30:58.018673' WHERE "seos"."id" = 2
  [1m[36m (200.5ms)[0m  [1mcommit transaction[0m
Redirected to http://localhost:3000/posts/2
Completed 302 Found in 214ms (ActiveRecord: 201.4ms)


Started GET "/posts/2" for 127.0.0.1 at 2013-03-29 12:30:58 +0400
Processing by PostsController#show as HTML
  Parameters: {"id"=>"2"}
  [1m[35mPost Load (0.2ms)[0m  SELECT "posts".* FROM "posts" WHERE "posts"."id" = ? LIMIT 1  [["id", "2"]]
  [1m[36mSeo Load (0.5ms)[0m  [1mSELECT "seos".* FROM "seos" WHERE "seos"."promotable_id" = 2 AND "seos"."promotable_type" = 'Post' LIMIT 1[0m
  Rendered posts/show.html.erb within layouts/application (0.4ms)
Completed 200 OK in 9ms (Views: 4.3ms | ActiveRecord: 0.7ms)


Started GET "/posts" for 127.0.0.1 at 2013-03-29 12:31:01 +0400
Processing by PostsController#index as HTML
  [1m[35mPost Load (0.2ms)[0m  SELECT "posts".* FROM "posts" 
  [1m[36mSeo Load (0.1ms)[0m  [1mSELECT "seos".* FROM "seos" WHERE "seos"."promotable_id" = 1 AND "seos"."promotable_type" = 'Post' LIMIT 1[0m
  [1m[35mSeo Load (0.1ms)[0m  SELECT "seos".* FROM "seos" WHERE "seos"."promotable_id" = 2 AND "seos"."promotable_type" = 'Post' LIMIT 1
  Rendered posts/index.html.erb within layouts/application (1.9ms)
Completed 200 OK in 8ms (Views: 5.6ms | ActiveRecord: 0.4ms)


Started GET "/posts/2/edit" for 127.0.0.1 at 2013-03-29 12:31:03 +0400
Processing by PostsController#edit as HTML
  Parameters: {"id"=>"2"}
  [1m[36mPost Load (0.1ms)[0m  [1mSELECT "posts".* FROM "posts" WHERE "posts"."id" = ? LIMIT 1[0m  [["id", "2"]]
  [1m[35mSeo Load (0.2ms)[0m  SELECT "seos".* FROM "seos" WHERE "seos"."promotable_id" = 2 AND "seos"."promotable_type" = 'Post' LIMIT 1
  Rendered posts/_form.html.erb (2.6ms)
  Rendered posts/edit.html.erb within layouts/application (3.2ms)
Completed 200 OK in 9ms (Views: 6.8ms | ActiveRecord: 0.2ms)
Connecting to database specified by database.yml


Started GET "/posts" for 127.0.0.1 at 2013-03-29 12:33:04 +0400
Processing by PostsController#index as HTML
  [1m[36mPost Load (0.1ms)[0m  [1mSELECT "posts".* FROM "posts" [0m
  [1m[35mSeo Load (0.1ms)[0m  SELECT "seos".* FROM "seos" WHERE "seos"."promotable_id" = 1 AND "seos"."promotable_type" = 'Post' LIMIT 1
  [1m[36mSeo Load (0.1ms)[0m  [1mSELECT "seos".* FROM "seos" WHERE "seos"."promotable_id" = 2 AND "seos"."promotable_type" = 'Post' LIMIT 1[0m
  Rendered posts/index.html.erb within layouts/application (2.7ms)
Completed 200 OK in 65ms (Views: 38.4ms | ActiveRecord: 1.3ms)


Started GET "/posts/new" for 127.0.0.1 at 2013-03-29 12:33:07 +0400
Processing by PostsController#new as HTML
  Rendered posts/_form.html.erb (6.0ms)
  Rendered posts/new.html.erb within layouts/application (10.1ms)
Completed 200 OK in 19ms (Views: 15.5ms | ActiveRecord: 0.0ms)


Started POST "/posts" for 127.0.0.1 at 2013-03-29 12:33:15 +0400
Processing by PostsController#create as HTML
  Parameters: {"utf8"=>"✓", "authenticity_token"=>"YaibH1ULA3vFNFp1xEmD1OcT8YtwkIGnyFuoPNYUfqE=", "post"=>{"title"=>"try", "body"=>"some", "tags"=>"som", "seo_attributes"=>{"title"=>"", "keywords"=>"", "description"=>""}}, "commit"=>"Create Post"}
  [1m[35m (0.1ms)[0m  begin transaction
  [1m[36m (0.0ms)[0m  [1mrollback transaction[0m
  Rendered posts/_form.html.erb (4.6ms)
  Rendered posts/new.html.erb within layouts/application (5.1ms)
Completed 200 OK in 13ms (Views: 9.3ms | ActiveRecord: 0.1ms)
Connecting to database specified by database.yml


Started POST "/posts" for 127.0.0.1 at 2013-03-29 12:33:45 +0400
Processing by PostsController#create as HTML
  Parameters: {"utf8"=>"✓", "authenticity_token"=>"YaibH1ULA3vFNFp1xEmD1OcT8YtwkIGnyFuoPNYUfqE=", "post"=>{"title"=>"try", "body"=>"some", "tags"=>"som", "seo_attributes"=>{"title"=>"", "keywords"=>"", "description"=>""}}, "commit"=>"Create Post"}
  [1m[36m (0.0ms)[0m  [1mbegin transaction[0m
  [1m[35mSQL (2.5ms)[0m  INSERT INTO "posts" ("body", "created_at", "tags", "title", "updated_at") VALUES (?, ?, ?, ?, ?)  [["body", "some"], ["created_at", Fri, 29 Mar 2013 08:33:45 UTC +00:00], ["tags", "som"], ["title", "try"], ["updated_at", Fri, 29 Mar 2013 08:33:45 UTC +00:00]]
  [1m[36mSQL (0.2ms)[0m  [1mINSERT INTO "seos" ("created_at", "description", "keywords", "promotable_id", "promotable_type", "title", "updated_at") VALUES (?, ?, ?, ?, ?, ?, ?)[0m  [["created_at", Fri, 29 Mar 2013 08:33:45 UTC +00:00], ["description", "some"], ["keywords", "som"], ["promotable_id", 3], ["promotable_type", "Post"], ["title", "try"], ["updated_at", Fri, 29 Mar 2013 08:33:45 UTC +00:00]]
  [1m[35m (133.0ms)[0m  commit transaction
Redirected to http://localhost:3000/posts/3
Completed 302 Found in 188ms (ActiveRecord: 136.6ms)


Started GET "/posts/3" for 127.0.0.1 at 2013-03-29 12:33:45 +0400
Processing by PostsController#show as HTML
  Parameters: {"id"=>"3"}
  [1m[36mPost Load (0.1ms)[0m  [1mSELECT "posts".* FROM "posts" WHERE "posts"."id" = ? LIMIT 1[0m  [["id", "3"]]
  [1m[35mSeo Load (0.1ms)[0m  SELECT "seos".* FROM "seos" WHERE "seos"."promotable_id" = 3 AND "seos"."promotable_type" = 'Post' LIMIT 1
  Rendered posts/show.html.erb within layouts/application (1.3ms)
Completed 200 OK in 94ms (Views: 90.7ms | ActiveRecord: 0.2ms)
Connecting to database specified by database.yml
Connecting to database specified by database.yml
Connecting to database specified by database.yml
Connecting to database specified by database.yml
Connecting to database specified by database.yml
Connecting to database specified by database.yml
Connecting to database specified by database.yml
Connecting to database specified by database.yml
